e:\blackboardlocal\year 2\sem2\advanced game development techniques\assignment 1\nyp_framework\base\debug\vc120.pdb
e:\blackboardlocal\year 2\sem2\advanced game development techniques\assignment 1\nyp_framework\base\debug\vc120.idb
e:\blackboardlocal\year 2\sem2\advanced game development techniques\assignment 1\nyp_framework\base\debug\laserblaster.obj
e:\blackboardlocal\year 2\sem2\advanced game development techniques\assignment 1\nyp_framework\base\debug\levelofdetails.obj
e:\blackboardlocal\year 2\sem2\advanced game development techniques\assignment 1\nyp_framework\base\debug\light.obj
e:\blackboardlocal\year 2\sem2\advanced game development techniques\assignment 1\nyp_framework\base\debug\machinegun.obj
e:\blackboardlocal\year 2\sem2\advanced game development techniques\assignment 1\nyp_framework\base\debug\main.obj
e:\blackboardlocal\year 2\sem2\advanced game development techniques\assignment 1\nyp_framework\base\debug\objmesh.obj
e:\blackboardlocal\year 2\sem2\advanced game development techniques\assignment 1\nyp_framework\base\debug\playerinfo.obj
e:\blackboardlocal\year 2\sem2\advanced game development techniques\assignment 1\nyp_framework\base\debug\laser.obj
e:\blackboardlocal\year 2\sem2\advanced game development techniques\assignment 1\nyp_framework\base\debug\projectile.obj
e:\blackboardlocal\year 2\sem2\advanced game development techniques\assignment 1\nyp_framework\base\debug\scenegraph.obj
e:\blackboardlocal\year 2\sem2\advanced game development techniques\assignment 1\nyp_framework\base\debug\scenenode.obj
e:\blackboardlocal\year 2\sem2\advanced game development techniques\assignment 1\nyp_framework\base\debug\scenetext.obj
e:\blackboardlocal\year 2\sem2\advanced game development techniques\assignment 1\nyp_framework\base\debug\skyboxentity.obj
e:\blackboardlocal\year 2\sem2\advanced game development techniques\assignment 1\nyp_framework\base\debug\spatialpartition.obj
e:\blackboardlocal\year 2\sem2\advanced game development techniques\assignment 1\nyp_framework\base\debug\spriteentity.obj
e:\blackboardlocal\year 2\sem2\advanced game development techniques\assignment 1\nyp_framework\base\debug\textentity.obj
e:\blackboardlocal\year 2\sem2\advanced game development techniques\assignment 1\nyp_framework\base\debug\transform.obj
e:\blackboardlocal\year 2\sem2\advanced game development techniques\assignment 1\nyp_framework\base\debug\updatetransform.obj
e:\blackboardlocal\year 2\sem2\advanced game development techniques\assignment 1\nyp_framework\base\debug\pistol.obj
e:\blackboardlocal\year 2\sem2\advanced game development techniques\assignment 1\nyp_framework\base\debug\weaponinfo.obj
e:\blackboardlocal\year 2\sem2\advanced game development techniques\assignment 1\nyp_framework\base\debug\application.obj
e:\blackboardlocal\year 2\sem2\advanced game development techniques\assignment 1\nyp_framework\base\debug\enemy.obj
e:\blackboardlocal\year 2\sem2\advanced game development techniques\assignment 1\nyp_framework\base\debug\entitymanager.obj
e:\blackboardlocal\year 2\sem2\advanced game development techniques\assignment 1\nyp_framework\base\debug\fpscamera.obj
e:\blackboardlocal\year 2\sem2\advanced game development techniques\assignment 1\nyp_framework\base\debug\genericentity.obj
e:\blackboardlocal\year 2\sem2\advanced game development techniques\assignment 1\nyp_framework\base\debug\grenade.obj
e:\blackboardlocal\year 2\sem2\advanced game development techniques\assignment 1\nyp_framework\base\debug\grenadethrow.obj
e:\blackboardlocal\year 2\sem2\advanced game development techniques\assignment 1\nyp_framework\base\debug\grid.obj
e:\blackboardlocal\year 2\sem2\advanced game development techniques\assignment 1\nyp_framework\base\debug\groundentity.obj
e:\blackboardlocal\year 2\sem2\advanced game development techniques\assignment 1\nyp_framework\base\debug\sniper.obj
e:\blackboardlocal\year 2\sem2\advanced game development techniques\assignment 1\nyp_framework\debug\base.exe
e:\blackboardlocal\year 2\sem2\advanced game development techniques\assignment 1\nyp_framework\debug\base.pdb
e:\blackboardlocal\year 2\sem2\advanced game development techniques\assignment 1\nyp_framework\base\debug\base.tlog\cl.command.1.tlog
e:\blackboardlocal\year 2\sem2\advanced game development techniques\assignment 1\nyp_framework\base\debug\base.tlog\cl.read.1.tlog
e:\blackboardlocal\year 2\sem2\advanced game development techniques\assignment 1\nyp_framework\base\debug\base.tlog\cl.write.1.tlog
e:\blackboardlocal\year 2\sem2\advanced game development techniques\assignment 1\nyp_framework\base\debug\base.tlog\link.command.1.tlog
e:\blackboardlocal\year 2\sem2\advanced game development techniques\assignment 1\nyp_framework\base\debug\base.tlog\link.read.1.tlog
e:\blackboardlocal\year 2\sem2\advanced game development techniques\assignment 1\nyp_framework\base\debug\base.tlog\link.write.1.tlog
