e:\blackboardlocal\year 2\sem2\advanced game development techniques\assignment 1\nyp_framework\common\debug\vc120.pdb
e:\blackboardlocal\year 2\sem2\advanced game development techniques\assignment 1\nyp_framework\common\debug\vc120.idb
e:\blackboardlocal\year 2\sem2\advanced game development techniques\assignment 1\nyp_framework\common\debug\entitybase.obj
e:\blackboardlocal\year 2\sem2\advanced game development techniques\assignment 1\nyp_framework\common\debug\graphicsmanager.obj
e:\blackboardlocal\year 2\sem2\advanced game development techniques\assignment 1\nyp_framework\common\debug\keyboardcontroller.obj
e:\blackboardlocal\year 2\sem2\advanced game development techniques\assignment 1\nyp_framework\common\debug\lightbase.obj
e:\blackboardlocal\year 2\sem2\advanced game development techniques\assignment 1\nyp_framework\common\debug\loadobj.obj
e:\blackboardlocal\year 2\sem2\advanced game development techniques\assignment 1\nyp_framework\common\debug\loadtga.obj
e:\blackboardlocal\year 2\sem2\advanced game development techniques\assignment 1\nyp_framework\common\debug\mathutility.obj
e:\blackboardlocal\year 2\sem2\advanced game development techniques\assignment 1\nyp_framework\common\debug\matrixstack.obj
e:\blackboardlocal\year 2\sem2\advanced game development techniques\assignment 1\nyp_framework\common\debug\mesh.obj
e:\blackboardlocal\year 2\sem2\advanced game development techniques\assignment 1\nyp_framework\common\debug\meshbuilder.obj
e:\blackboardlocal\year 2\sem2\advanced game development techniques\assignment 1\nyp_framework\common\debug\mousecontroller.obj
e:\blackboardlocal\year 2\sem2\advanced game development techniques\assignment 1\nyp_framework\common\debug\mtx44.obj
e:\blackboardlocal\year 2\sem2\advanced game development techniques\assignment 1\nyp_framework\common\debug\renderhelper.obj
e:\blackboardlocal\year 2\sem2\advanced game development techniques\assignment 1\nyp_framework\common\debug\scenemanager.obj
e:\blackboardlocal\year 2\sem2\advanced game development techniques\assignment 1\nyp_framework\common\debug\shaderprogram.obj
e:\blackboardlocal\year 2\sem2\advanced game development techniques\assignment 1\nyp_framework\common\debug\timer.obj
e:\blackboardlocal\year 2\sem2\advanced game development techniques\assignment 1\nyp_framework\common\debug\utility.obj
e:\blackboardlocal\year 2\sem2\advanced game development techniques\assignment 1\nyp_framework\common\debug\vector2.obj
e:\blackboardlocal\year 2\sem2\advanced game development techniques\assignment 1\nyp_framework\common\debug\vector3.obj
e:\blackboardlocal\year 2\sem2\advanced game development techniques\assignment 1\nyp_framework\common\debug\win32input.obj
e:\blackboardlocal\year 2\sem2\advanced game development techniques\assignment 1\nyp_framework\common\debug\camerabase.obj
e:\blackboardlocal\year 2\sem2\advanced game development techniques\assignment 1\nyp_framework\common\debug\collider.obj
e:\blackboardlocal\year 2\sem2\advanced game development techniques\assignment 1\nyp_framework\debug\common.lib
e:\blackboardlocal\year 2\sem2\advanced game development techniques\assignment 1\nyp_framework\common\debug\common.tlog\cl.command.1.tlog
e:\blackboardlocal\year 2\sem2\advanced game development techniques\assignment 1\nyp_framework\common\debug\common.tlog\cl.read.1.tlog
e:\blackboardlocal\year 2\sem2\advanced game development techniques\assignment 1\nyp_framework\common\debug\common.tlog\cl.write.1.tlog
e:\blackboardlocal\year 2\sem2\advanced game development techniques\assignment 1\nyp_framework\common\debug\common.tlog\lib-link.read.1.tlog
e:\blackboardlocal\year 2\sem2\advanced game development techniques\assignment 1\nyp_framework\common\debug\common.tlog\lib-link.write.1.tlog
e:\blackboardlocal\year 2\sem2\advanced game development techniques\assignment 1\nyp_framework\common\debug\common.tlog\lib.command.1.tlog
